[19:44:11] [Server thread/INFO]: Starting minecraft server version 1.12.2
[19:44:11] [Server thread/INFO]: Loading properties
[19:44:11] [Server thread/INFO]: Default game type: SURVIVAL
[19:44:11] [Server thread/INFO]: Generating keypair
[19:44:11] [Server thread/INFO]: Starting Minecraft server on *:25565
[19:44:11] [Server thread/INFO]: Using default channel type
[19:44:12] [Server thread/WARN]: **** SERVER IS RUNNING IN OFFLINE/INSECURE MODE!
[19:44:12] [Server thread/WARN]: The server will make no attempt to authenticate usernames. Beware.
[19:44:12] [Server thread/WARN]: While this makes the game possible to play without internet access, it also opens up the ability for hackers to connect with any username they choose.
[19:44:12] [Server thread/WARN]: To change this, set "online-mode" to "true" in the server.properties file.
[19:44:12] [Server thread/INFO]: Preparing level "world"
[19:44:12] [Server thread/INFO]: Loaded 488 advancements
[19:44:12] [Server thread/INFO]: Preparing start region for level 0
[19:44:13] [Server thread/INFO]: Done (1,233s)! For help, type "help" or "?"
[19:46:21] [Server thread/INFO]: ceduardo[/127.0.0.1:57403] logged in with entity id 341 at (-164.1244454201059, 75.0, 237.29442374152592)
[19:46:21] [Server thread/INFO]: ceduardo joined the game
[19:46:32] [Server thread/INFO]: ceduardo lost connection: Disconnected
[19:46:32] [Server thread/INFO]: ceduardo left the game
[19:46:48] [Server thread/INFO]: Stopping server
[19:46:48] [Server thread/INFO]: Saving players
[19:46:48] [Server thread/INFO]: Saving worlds
[19:46:48] [Server thread/INFO]: Saving chunks for level 'world'/overworld
[19:46:48] [Server thread/INFO]: Saving chunks for level 'world'/the_nether
[19:46:48] [Server thread/INFO]: Saving chunks for level 'world'/the_end
[19:46:48] [Server Shutdown Thread/INFO]: Stopping server
[19:46:48] [Server Shutdown Thread/INFO]: Saving players
[19:46:48] [Server Shutdown Thread/INFO]: Saving worlds
